#
# There is insufficient memory for the Java Runtime Environment to continue.
# Native memory allocation (malloc) failed to allocate 86576 bytes for Chunk::new
# Possible reasons:
#   The system is out of physical RAM or swap space
#   The process is running with CompressedOops enabled, and the Java Heap may be blocking the growth of the native heap
# Possible solutions:
#   Reduce memory load on the system
#   Increase physical memory or swap space
#   Check if swap backing store is full
#   Decrease Java heap size (-Xmx/-Xms)
#   Decrease number of Java threads
#   Decrease Java thread stack sizes (-Xss)
#   Set larger code cache with -XX:ReservedCodeCacheSize=
#   JVM is running with Unscaled Compressed Oops mode in which the Java heap is
#     placed in the first 4GB address space. The Java Heap base address is the
#     maximum limit for the native heap growth. Please use -XX:HeapBaseMinAddress
#     to set the Java Heap base and to place the Java Heap above 4GB virtual address.
# This output file may be truncated or incomplete.
#
#  Out of Memory Error (arena.cpp:191), pid=17460, tid=8700
#
# JRE version: OpenJDK Runtime Environment (17.0.10) (build 17.0.10+0--11609105)
# Java VM: OpenJDK 64-Bit Server VM (17.0.10+0--11609105, mixed mode, tiered, compressed oops, compressed class ptrs, g1 gc, windows-amd64)
# No core dump will be written. Minidumps are not enabled by default on client versions of Windows
#

---------------  S U M M A R Y ------------

Command Line: -javaagent:C:\Program Files\Android\Android Studio\lib\idea_rt.jar=52742:C:\Program Files\Android\Android Studio\bin -Dfile.encoding=windows-1252 org.jetbrains.kotlin.cli.jvm.K2JVMCompiler -kotlin-home C:\Program Files\Android\Android Studio\plugins\Kotlin\kotlinc -script C:\Users\User\AndroidStudioProjects\WCAPP\build.gradle.kts

Host: 11th Gen Intel(R) Core(TM) i5-1135G7 @ 2.40GHz, 8 cores, 7G,  Windows 11 , 64 bit Build 22621 (10.0.22621.3672)
Time: Mon Jul  1 15:06:23 2024 E. Africa Standard Time elapsed time: 0.915200 seconds (0d 0h 0m 0s)

---------------  T H R E A D  ---------------

Current thread (0x0000023ac99888d0):  JavaThread "C2 CompilerThread0" daemon [_thread_in_native, id=8700, stack(0x0000008ff3600000,0x0000008ff3700000)]


Current CompileTask:
C2:    915  284 %     4       java.util.zip.ZipFile$Source::initCEN @ 240 (591 bytes)

Stack: [0x0000008ff3600000,0x0000008ff3700000]
Native frames: (J=compiled Java code, j=interpreted, Vv=VM code, C=native code)
V  [jvm.dll+0x688de9]
V  [jvm.dll+0x8423da]
V  [jvm.dll+0x84401e]
V  [jvm.dll+0x844683]
V  [jvm.dll+0x24be0f]
V  [jvm.dll+0xac524]
V  [jvm.dll+0xacb6c]
V  [jvm.dll+0x571bd3]
V  [jvm.dll+0x1be017]
V  [jvm.dll+0x21dbf9]
V  [jvm.dll+0x21cec1]
V  [jvm.dll+0x1a60ad]
V  [jvm.dll+0x22cd78]
V  [jvm.dll+0x22aeb0]
V  [jvm.dll+0x7f6877]
V  [jvm.dll+0x7f0c7a]
V  [jvm.dll+0x687c65]
C  [ucrtbase.dll+0x29333]
C  [KERNEL32.DLL+0x1257d]
C  [ntdll.dll+0x5af28]


---------------  P R O C E S S  ---------------

Threads class SMR info:
_java_thread_list=0x0000023ac9a8c940, length=11, elements={
0x0000023aafb3b020, 0x0000023ac9944270, 0x0000023ac9944e30, 0x0000023ac996eb60,
0x0000023ac9971530, 0x0000023ac9971ef0, 0x0000023ac99748c0, 0x0000023ac99888d0,
0x0000023ac998afa0, 0x0000023ac998b5b0, 0x0000023ac9019c60
}

Java Threads: ( => current thread )
  0x0000023aafb3b020 JavaThread "main" [_thread_in_native, id=8464, stack(0x0000008ff2900000,0x0000008ff2a00000)]
  0x0000023ac9944270 JavaThread "Reference Handler" daemon [_thread_blocked, id=19768, stack(0x0000008ff3000000,0x0000008ff3100000)]
  0x0000023ac9944e30 JavaThread "Finalizer" daemon [_thread_blocked, id=21996, stack(0x0000008ff3100000,0x0000008ff3200000)]
  0x0000023ac996eb60 JavaThread "Signal Dispatcher" daemon [_thread_blocked, id=17200, stack(0x0000008ff3200000,0x0000008ff3300000)]
  0x0000023ac9971530 JavaThread "Attach Listener" daemon [_thread_blocked, id=8052, stack(0x0000008ff3300000,0x0000008ff3400000)]
  0x0000023ac9971ef0 JavaThread "Service Thread" daemon [_thread_blocked, id=19708, stack(0x0000008ff3400000,0x0000008ff3500000)]
  0x0000023ac99748c0 JavaThread "Monitor Deflation Thread" daemon [_thread_blocked, id=16676, stack(0x0000008ff3500000,0x0000008ff3600000)]
=>0x0000023ac99888d0 JavaThread "C2 CompilerThread0" daemon [_thread_in_native, id=8700, stack(0x0000008ff3600000,0x0000008ff3700000)]
  0x0000023ac998afa0 JavaThread "C1 CompilerThread0" daemon [_thread_in_vm, id=21140, stack(0x0000008ff3700000,0x0000008ff3800000)]
  0x0000023ac998b5b0 JavaThread "Sweeper thread" daemon [_thread_blocked, id=21288, stack(0x0000008ff3800000,0x0000008ff3900000)]
  0x0000023ac9019c60 JavaThread "Common-Cleaner" daemon [_thread_blocked, id=18412, stack(0x0000008ff3900000,0x0000008ff3a00000)]

Other Threads:
  0x0000023ac9034c30 VMThread "VM Thread" [stack: 0x0000008ff2f00000,0x0000008ff3000000] [id=14788]
  0x0000023aafb927b0 GCTaskThread "GC Thread#0" [stack: 0x0000008ff2a00000,0x0000008ff2b00000] [id=5748]
  0x0000023aafba40d0 ConcurrentGCThread "G1 Main Marker" [stack: 0x0000008ff2b00000,0x0000008ff2c00000] [id=21428]
  0x0000023aafba4af0 ConcurrentGCThread "G1 Conc#0" [stack: 0x0000008ff2c00000,0x0000008ff2d00000] [id=20388]
  0x0000023aafbaecc0 ConcurrentGCThread "G1 Refine#0" [stack: 0x0000008ff2d00000,0x0000008ff2e00000] [id=17584]
  0x0000023ac8ee5e40 ConcurrentGCThread "G1 Service" [stack: 0x0000008ff2e00000,0x0000008ff2f00000] [id=2632]

Threads with active compile tasks:
C2 CompilerThread0      937  284 %     4       java.util.zip.ZipFile$Source::initCEN @ 240 (591 bytes)
C1 CompilerThread0      937  341       3       java.util.ImmutableCollections$MapN::probe (60 bytes)

VM state: not at safepoint (normal execution)

VM Mutex/Monitor currently owned by a thread: None

Heap address: 0x0000000083200000, size: 1998 MB, Compressed Oops mode: 32-bit

CDS archive(s) not mapped
Compressed class space mapped at: 0x0000000100000000-0x0000000140000000, reserved size: 1073741824
Narrow klass base: 0x0000000000000000, Narrow klass shift: 3, Narrow klass range: 0x140000000

GC Precious Log:
 CPUs: 8 total, 8 available
 Memory: 7991M
 Large Page Support: Disabled
 NUMA Support: Disabled
 Compressed Oops: Enabled (32-bit)
 Heap Region Size: 1M
 Heap Min Capacity: 8M
 Heap Initial Capacity: 126M
 Heap Max Capacity: 1998M
 Pre-touch: Disabled
 Parallel Workers: 8
 Concurrent Workers: 2
 Concurrent Refinement Workers: 8
 Periodic GC: Disabled

Heap:
 garbage-first heap   total 129024K, used 22528K [0x0000000083200000, 0x0000000100000000)
  region size 1024K, 9 young (9216K), 0 survivors (0K)
 Metaspace       used 6517K, committed 6656K, reserved 1114112K
  class space    used 549K, committed 576K, reserved 1048576K

Heap Regions: E=young(eden), S=young(survivor), O=old, HS=humongous(starts), HC=humongous(continues), CS=collection set, F=free, OA=open archive, CA=closed archive, TAMS=top-at-mark-start (previous, next)
|   0|0x0000000083200000, 0x0000000083300000, 0x0000000083300000|100%|HS|  |TAMS 0x0000000083200000, 0x0000000083200000| Complete 
|   1|0x0000000083300000, 0x0000000083400000, 0x0000000083400000|100%|HC|  |TAMS 0x0000000083300000, 0x0000000083300000| Complete 
|   2|0x0000000083400000, 0x0000000083500000, 0x0000000083500000|100%|HC|  |TAMS 0x0000000083400000, 0x0000000083400000| Complete 
|   3|0x0000000083500000, 0x0000000083600000, 0x0000000083600000|100%|HC|  |TAMS 0x0000000083500000, 0x0000000083500000| Complete 
|   4|0x0000000083600000, 0x0000000083700000, 0x0000000083700000|100%|HS|  |TAMS 0x0000000083600000, 0x0000000083600000| Complete 
|   5|0x0000000083700000, 0x0000000083800000, 0x0000000083800000|100%|HC|  |TAMS 0x0000000083700000, 0x0000000083700000| Complete 
|   6|0x0000000083800000, 0x0000000083900000, 0x0000000083900000|100%|HC|  |TAMS 0x0000000083800000, 0x0000000083800000| Complete 
|   7|0x0000000083900000, 0x0000000083a00000, 0x0000000083a00000|100%|HC|  |TAMS 0x0000000083900000, 0x0000000083900000| Complete 
|   8|0x0000000083a00000, 0x0000000083b00000, 0x0000000083b00000|100%|HC|  |TAMS 0x0000000083a00000, 0x0000000083a00000| Complete 
|   9|0x0000000083b00000, 0x0000000083c00000, 0x0000000083c00000|100%|HC|  |TAMS 0x0000000083b00000, 0x0000000083b00000| Complete 
|  10|0x0000000083c00000, 0x0000000083d00000, 0x0000000083d00000|100%|HS|  |TAMS 0x0000000083c00000, 0x0000000083c00000| Complete 
|  11|0x0000000083d00000, 0x0000000083e00000, 0x0000000083e00000|100%|HS|  |TAMS 0x0000000083d00000, 0x0000000083d00000| Complete 
|  12|0x0000000083e00000, 0x0000000083f00000, 0x0000000083f00000|100%|HS|  |TAMS 0x0000000083e00000, 0x0000000083e00000| Complete 
|  13|0x0000000083f00000, 0x0000000084000000, 0x0000000084000000|100%|HC|  |TAMS 0x0000000083f00000, 0x0000000083f00000| Complete 
|  14|0x0000000084000000, 0x0000000084100000, 0x0000000084100000|100%|HS|  |TAMS 0x0000000084000000, 0x0000000084000000| Complete 
|  15|0x0000000084100000, 0x0000000084100000, 0x0000000084200000|  0%| F|  |TAMS 0x0000000084100000, 0x0000000084100000| Untracked 
|  16|0x0000000084200000, 0x0000000084200000, 0x0000000084300000|  0%| F|  |TAMS 0x0000000084200000, 0x0000000084200000| Untracked 
|  17|0x0000000084300000, 0x0000000084300000, 0x0000000084400000|  0%| F|  |TAMS 0x0000000084300000, 0x0000000084300000| Untracked 
|  18|0x0000000084400000, 0x0000000084400000, 0x0000000084500000|  0%| F|  |TAMS 0x0000000084400000, 0x0000000084400000| Untracked 
|  19|0x0000000084500000, 0x0000000084500000, 0x0000000084600000|  0%| F|  |TAMS 0x0000000084500000, 0x0000000084500000| Untracked 
|  20|0x0000000084600000, 0x0000000084600000, 0x0000000084700000|  0%| F|  |TAMS 0x0000000084600000, 0x0000000084600000| Untracked 
|  21|0x0000000084700000, 0x0000000084700000, 0x0000000084800000|  0%| F|  |TAMS 0x0000000084700000, 0x0000000084700000| Untracked 
|  22|0x0000000084800000, 0x0000000084800000, 0x0000000084900000|  0%| F|  |TAMS 0x0000000084800000, 0x0000000084800000| Untracked 
|  23|0x0000000084900000, 0x0000000084900000, 0x0000000084a00000|  0%| F|  |TAMS 0x0000000084900000, 0x0000000084900000| Untracked 
|  24|0x0000000084a00000, 0x0000000084a00000, 0x0000000084b00000|  0%| F|  |TAMS 0x0000000084a00000, 0x0000000084a00000| Untracked 
|  25|0x0000000084b00000, 0x0000000084b00000, 0x0000000084c00000|  0%| F|  |TAMS 0x0000000084b00000, 0x0000000084b00000| Untracked 
|  26|0x0000000084c00000, 0x0000000084c00000, 0x0000000084d00000|  0%| F|  |TAMS 0x0000000084c00000, 0x0000000084c00000| Untracked 
|  27|0x0000000084d00000, 0x0000000084d00000, 0x0000000084e00000|  0%| F|  |TAMS 0x0000000084d00000, 0x0000000084d00000| Untracked 
|  28|0x0000000084e00000, 0x0000000084e00000, 0x0000000084f00000|  0%| F|  |TAMS 0x0000000084e00000, 0x0000000084e00000| Untracked 
|  29|0x0000000084f00000, 0x0000000084f00000, 0x0000000085000000|  0%| F|  |TAMS 0x0000000084f00000, 0x0000000084f00000| Untracked 
|  30|0x0000000085000000, 0x0000000085000000, 0x0000000085100000|  0%| F|  |TAMS 0x0000000085000000, 0x0000000085000000| Untracked 
|  31|0x0000000085100000, 0x0000000085100000, 0x0000000085200000|  0%| F|  |TAMS 0x0000000085100000, 0x0000000085100000| Untracked 
|  32|0x0000000085200000, 0x0000000085200000, 0x0000000085300000|  0%| F|  |TAMS 0x0000000085200000, 0x0000000085200000| Untracked 
|  33|0x0000000085300000, 0x0000000085300000, 0x0000000085400000|  0%| F|  |TAMS 0x0000000085300000, 0x0000000085300000| Untracked 
|  34|0x0000000085400000, 0x0000000085400000, 0x0000000085500000|  0%| F|  |TAMS 0x0000000085400000, 0x0000000085400000| Untracked 
|  35|0x0000000085500000, 0x0000000085500000, 0x0000000085600000|  0%| F|  |TAMS 0x0000000085500000, 0x0000000085500000| Untracked 
|  36|0x0000000085600000, 0x0000000085600000, 0x0000000085700000|  0%| F|  |TAMS 0x0000000085600000, 0x0000000085600000| Untracked 
|  37|0x0000000085700000, 0x0000000085700000, 0x0000000085800000|  0%| F|  |TAMS 0x0000000085700000, 0x0000000085700000| Untracked 
|  38|0x0000000085800000, 0x0000000085800000, 0x0000000085900000|  0%| F|  |TAMS 0x0000000085800000, 0x0000000085800000| Untracked 
|  39|0x0000000085900000, 0x0000000085900000, 0x0000000085a00000|  0%| F|  |TAMS 0x0000000085900000, 0x0000000085900000| Untracked 
|  40|0x0000000085a00000, 0x0000000085a00000, 0x0000000085b00000|  0%| F|  |TAMS 0x0000000085a00000, 0x0000000085a00000| Untracked 
|  41|0x0000000085b00000, 0x0000000085b00000, 0x0000000085c00000|  0%| F|  |TAMS 0x0000000085b00000, 0x0000000085b00000| Untracked 
|  42|0x0000000085c00000, 0x0000000085c00000, 0x0000000085d00000|  0%| F|  |TAMS 0x0000000085c00000, 0x0000000085c00000| Untracked 
|  43|0x0000000085d00000, 0x0000000085d00000, 0x0000000085e00000|  0%| F|  |TAMS 0x0000000085d00000, 0x0000000085d00000| Untracked 
|  44|0x0000000085e00000, 0x0000000085e00000, 0x0000000085f00000|  0%| F|  |TAMS 0x0000000085e00000, 0x0000000085e00000| Untracked 
|  45|0x0000000085f00000, 0x0000000085f00000, 0x0000000086000000|  0%| F|  |TAMS 0x0000000085f00000, 0x0000000085f00000| Untracked 
|  46|0x0000000086000000, 0x0000000086000000, 0x0000000086100000|  0%| F|  |TAMS 0x0000000086000000, 0x0000000086000000| Untracked 
|  47|0x0000000086100000, 0x0000000086100000, 0x0000000086200000|  0%| F|  |TAMS 0x0000000086100000, 0x0000000086100000| Untracked 
|  48|0x0000000086200000, 0x0000000086200000, 0x0000000086300000|  0%| F|  |TAMS 0x0000000086200000, 0x0000000086200000| Untracked 
|  49|0x0000000086300000, 0x0000000086300000, 0x0000000086400000|  0%| F|  |TAMS 0x0000000086300000, 0x0000000086300000| Untracked 
|  50|0x0000000086400000, 0x0000000086400000, 0x0000000086500000|  0%| F|  |TAMS 0x0000000086400000, 0x0000000086400000| Untracked 
|  51|0x0000000086500000, 0x0000000086500000, 0x0000000086600000|  0%| F|  |TAMS 0x0000000086500000, 0x0000000086500000| Untracked 
|  52|0x0000000086600000, 0x0000000086600000, 0x0000000086700000|  0%| F|  |TAMS 0x0000000086600000, 0x0000000086600000| Untracked 
|  53|0x0000000086700000, 0x0000000086700000, 0x0000000086800000|  0%| F|  |TAMS 0x0000000086700000, 0x0000000086700000| Untracked 
|  54|0x0000000086800000, 0x0000000086800000, 0x0000000086900000|  0%| F|  |TAMS 0x0000000086800000, 0x0000000086800000| Untracked 
|  55|0x0000000086900000, 0x0000000086900000, 0x0000000086a00000|  0%| F|  |TAMS 0x0000000086900000, 0x0000000086900000| Untracked 
|  56|0x0000000086a00000, 0x0000000086a00000, 0x0000000086b00000|  0%| F|  |TAMS 0x0000000086a00000, 0x0000000086a00000| Untracked 
|  57|0x0000000086b00000, 0x0000000086b00000, 0x0000000086c00000|  0%| F|  |TAMS 0x0000000086b00000, 0x0000000086b00000| Untracked 
|  58|0x0000000086c00000, 0x0000000086c00000, 0x0000000086d00000|  0%| F|  |TAMS 0x0000000086c00000, 0x0000000086c00000| Untracked 
|  59|0x0000000086d00000, 0x0000000086d00000, 0x0000000086e00000|  0%| F|  |TAMS 0x0000000086d00000, 0x0000000086d00000| Untracked 
|  60|0x0000000086e00000, 0x0000000086e00000, 0x0000000086f00000|  0%| F|  |TAMS 0x0000000086e00000, 0x0000000086e00000| Untracked 
|  61|0x0000000086f00000, 0x0000000086f00000, 0x0000000087000000|  0%| F|  |TAMS 0x0000000086f00000, 0x0000000086f00000| Untracked 
|  62|0x0000000087000000, 0x0000000087000000, 0x0000000087100000|  0%| F|  |TAMS 0x0000000087000000, 0x0000000087000000| Untracked 
|  63|0x0000000087100000, 0x0000000087100000, 0x0000000087200000|  0%| F|  |TAMS 0x0000000087100000, 0x0000000087100000| Untracked 
|  64|0x0000000087200000, 0x0000000087200000, 0x0000000087300000|  0%| F|  |TAMS 0x0000000087200000, 0x0000000087200000| Untracked 
|  65|0x0000000087300000, 0x0000000087300000, 0x0000000087400000|  0%| F|  |TAMS 0x0000000087300000, 0x0000000087300000| Untracked 
|  66|0x0000000087400000, 0x0000000087400000, 0x0000000087500000|  0%| F|  |TAMS 0x0000000087400000, 0x0000000087400000| Untracked 
|  67|0x0000000087500000, 0x0000000087500000, 0x0000000087600000|  0%| F|  |TAMS 0x0000000087500000, 0x0000000087500000| Untracked 
|  68|0x0000000087600000, 0x0000000087600000, 0x0000000087700000|  0%| F|  |TAMS 0x0000000087600000, 0x0000000087600000| Untracked 
|  69|0x0000000087700000, 0x0000000087700000, 0x0000000087800000|  0%| F|  |TAMS 0x0000000087700000, 0x0000000087700000| Untracked 
|  70|0x0000000087800000, 0x0000000087800000, 0x0000000087900000|  0%| F|  |TAMS 0x0000000087800000, 0x0000000087800000| Untracked 
|  71|0x0000000087900000, 0x0000000087900000, 0x0000000087a00000|  0%| F|  |TAMS 0x0000000087900000, 0x0000000087900000| Untracked 
|  72|0x0000000087a00000, 0x0000000087a00000, 0x0000000087b00000|  0%| F|  |TAMS 0x0000000087a00000, 0x0000000087a00000| Untracked 
|  73|0x0000000087b00000, 0x0000000087b00000, 0x0000000087c00000|  0%| F|  |TAMS 0x0000000087b00000, 0x0000000087b00000| Untracked 
|  74|0x0000000087c00000, 0x0000000087c00000, 0x0000000087d00000|  0%| F|  |TAMS 0x0000000087c00000, 0x0000000087c00000| Untracked 
|  75|0x0000000087d00000, 0x0000000087d00000, 0x0000000087e00000|  0%| F|  |TAMS 0x0000000087d00000, 0x0000000087d00000| Untracked 
|  76|0x0000000087e00000, 0x0000000087e00000, 0x0000000087f00000|  0%| F|  |TAMS 0x0000000087e00000, 0x0000000087e00000| Untracked 
|  77|0x0000000087f00000, 0x0000000087f00000, 0x0000000088000000|  0%| F|  |TAMS 0x0000000087f00000, 0x0000000087f00000| Untracked 
|  78|0x0000000088000000, 0x0000000088000000, 0x0000000088100000|  0%| F|  |TAMS 0x0000000088000000, 0x0000000088000000| Untracked 
|  79|0x0000000088100000, 0x0000000088100000, 0x0000000088200000|  0%| F|  |TAMS 0x0000000088100000, 0x0000000088100000| Untracked 
|  80|0x0000000088200000, 0x0000000088200000, 0x0000000088300000|  0%| F|  |TAMS 0x0000000088200000, 0x0000000088200000| Untracked 
|  81|0x0000000088300000, 0x0000000088300000, 0x0000000088400000|  0%| F|  |TAMS 0x0000000088300000, 0x0000000088300000| Untracked 
|  82|0x0000000088400000, 0x0000000088400000, 0x0000000088500000|  0%| F|  |TAMS 0x0000000088400000, 0x0000000088400000| Untracked 
|  83|0x0000000088500000, 0x0000000088500000, 0x0000000088600000|  0%| F|  |TAMS 0x0000000088500000, 0x0000000088500000| Untracked 
|  84|0x0000000088600000, 0x0000000088600000, 0x0000000088700000|  0%| F|  |TAMS 0x0000000088600000, 0x0000000088600000| Untracked 
|  85|0x0000000088700000, 0x0000000088700000, 0x0000000088800000|  0%| F|  |TAMS 0x0000000088700000, 0x0000000088700000| Untracked 
|  86|0x0000000088800000, 0x0000000088800000, 0x0000000088900000|  0%| F|  |TAMS 0x0000000088800000, 0x0000000088800000| Untracked 
|  87|0x0000000088900000, 0x0000000088900000, 0x0000000088a00000|  0%| F|  |TAMS 0x0000000088900000, 0x0000000088900000| Untracked 
|  88|0x0000000088a00000, 0x0000000088a00000, 0x0000000088b00000|  0%| F|  |TAMS 0x0000000088a00000, 0x0000000088a00000| Untracked 
|  89|0x0000000088b00000, 0x0000000088b00000, 0x0000000088c00000|  0%| F|  |TAMS 0x0000000088b00000, 0x0000000088b00000| Untracked 
|  90|0x0000000088c00000, 0x0000000088c00000, 0x0000000088d00000|  0%| F|  |TAMS 0x0000000088c00000, 0x0000000088c00000| Untracked 
|  91|0x0000000088d00000, 0x0000000088d00000, 0x0000000088e00000|  0%| F|  |TAMS 0x0000000088d00000, 0x0000000088d00000| Untracked 
|  92|0x0000000088e00000, 0x0000000088e00000, 0x0000000088f00000|  0%| F|  |TAMS 0x0000000088e00000, 0x0000000088e00000| Untracked 
|  93|0x0000000088f00000, 0x0000000088f00000, 0x0000000089000000|  0%| F|  |TAMS 0x0000000088f00000, 0x0000000088f00000| Untracked 
|  94|0x0000000089000000, 0x0000000089000000, 0x0000000089100000|  0%| F|  |TAMS 0x0000000089000000, 0x0000000089000000| Untracked 
|  95|0x0000000089100000, 0x0000000089100000, 0x0000000089200000|  0%| F|  |TAMS 0x0000000089100000, 0x0000000089100000| Untracked 
|  96|0x0000000089200000, 0x0000000089200000, 0x0000000089300000|  0%| F|  |TAMS 0x0000000089200000, 0x0000000089200000| Untracked 
|  97|0x0000000089300000, 0x0000000089300000, 0x0000000089400000|  0%| F|  |TAMS 0x0000000089300000, 0x0000000089300000| Untracked 
|  98|0x0000000089400000, 0x0000000089400000, 0x0000000089500000|  0%| F|  |TAMS 0x0000000089400000, 0x0000000089400000| Untracked 
|  99|0x0000000089500000, 0x0000000089500000, 0x0000000089600000|  0%| F|  |TAMS 0x0000000089500000, 0x0000000089500000| Untracked 
| 100|0x0000000089600000, 0x0000000089600000, 0x0000000089700000|  0%| F|  |TAMS 0x0000000089600000, 0x0000000089600000| Untracked 
| 101|0x0000000089700000, 0x0000000089700000, 0x0000000089800000|  0%| F|  |TAMS 0x0000000089700000, 0x0000000089700000| Untracked 
| 102|0x0000000089800000, 0x0000000089800000, 0x0000000089900000|  0%| F|  |TAMS 0x0000000089800000, 0x0000000089800000| Untracked 
| 103|0x0000000089900000, 0x0000000089900000, 0x0000000089a00000|  0%| F|  |TAMS 0x0000000089900000, 0x0000000089900000| Untracked 
| 104|0x0000000089a00000, 0x0000000089a00000, 0x0000000089b00000|  0%| F|  |TAMS 0x0000000089a00000, 0x0000000089a00000| Untracked 
| 105|0x0000000089b00000, 0x0000000089b00000, 0x0000000089c00000|  0%| F|  |TAMS 0x0000000089b00000, 0x0000000089b00000| Untracked 
| 106|0x0000000089c00000, 0x0000000089c00000, 0x0000000089d00000|  0%| F|  |TAMS 0x0000000089c00000, 0x0000000089c00000| Untracked 
| 107|0x0000000089d00000, 0x0000000089d00000, 0x0000000089e00000|  0%| F|  |TAMS 0x0000000089d00000, 0x0000000089d00000| Untracked 
| 108|0x0000000089e00000, 0x0000000089e00000, 0x0000000089f00000|  0%| F|  |TAMS 0x0000000089e00000, 0x0000000089e00000| Untracked 
| 109|0x0000000089f00000, 0x0000000089f00000, 0x000000008a000000|  0%| F|  |TAMS 0x0000000089f00000, 0x0000000089f00000| Untracked 
| 110|0x000000008a000000, 0x000000008a000000, 0x000000008a100000|  0%| F|  |TAMS 0x000000008a000000, 0x000000008a000000| Untracked 
| 111|0x000000008a100000, 0x000000008a100000, 0x000000008a200000|  0%| F|  |TAMS 0x000000008a100000, 0x000000008a100000| Untracked 
| 112|0x000000008a200000, 0x000000008a200000, 0x000000008a300000|  0%| F|  |TAMS 0x000000008a200000, 0x000000008a200000| Untracked 
| 113|0x000000008a300000, 0x000000008a300000, 0x000000008a400000|  0%| F|  |TAMS 0x000000008a300000, 0x000000008a300000| Untracked 
| 114|0x000000008a400000, 0x000000008a400000, 0x000000008a500000|  0%| F|  |TAMS 0x000000008a400000, 0x000000008a400000| Untracked 
| 115|0x000000008a500000, 0x000000008a500000, 0x000000008a600000|  0%| F|  |TAMS 0x000000008a500000, 0x000000008a500000| Untracked 
| 116|0x000000008a600000, 0x000000008a600000, 0x000000008a700000|  0%| F|  |TAMS 0x000000008a600000, 0x000000008a600000| Untracked 
| 117|0x000000008a700000, 0x000000008a77fc78, 0x000000008a800000| 49%| E|  |TAMS 0x000000008a700000, 0x000000008a700000| Complete 
| 118|0x000000008a800000, 0x000000008a900000, 0x000000008a900000|100%| E|CS|TAMS 0x000000008a800000, 0x000000008a800000| Complete 
| 119|0x000000008a900000, 0x000000008aa00000, 0x000000008aa00000|100%| E|CS|TAMS 0x000000008a900000, 0x000000008a900000| Complete 
| 120|0x000000008aa00000, 0x000000008ab00000, 0x000000008ab00000|100%| E|  |TAMS 0x000000008aa00000, 0x000000008aa00000| Complete 
| 121|0x000000008ab00000, 0x000000008ac00000, 0x000000008ac00000|100%| E|CS|TAMS 0x000000008ab00000, 0x000000008ab00000| Complete 
| 122|0x000000008ac00000, 0x000000008ad00000, 0x000000008ad00000|100%| E|CS|TAMS 0x000000008ac00000, 0x000000008ac00000| Complete 
| 123|0x000000008ad00000, 0x000000008ae00000, 0x000000008ae00000|100%| E|CS|TAMS 0x000000008ad00000, 0x000000008ad00000| Complete 
| 124|0x000000008ae00000, 0x000000008af00000, 0x000000008af00000|100%| E|CS|TAMS 0x000000008ae00000, 0x000000008ae00000| Complete 
| 125|0x000000008af00000, 0x000000008b000000, 0x000000008b000000|100%| E|CS|TAMS 0x000000008af00000, 0x000000008af00000| Complete 

Card table byte_map: [0x0000023ac26f0000,0x0000023ac2ae0000] _byte_map_base: 0x0000023ac22d7000

Marking Bits (Prev, Next): (CMBitMap*) 0x0000023aafb93de0, (CMBitMap*) 0x0000023aafb93e20
 Prev Bits: [0x0000023ac2ed0000, 0x0000023ac4e08000)
 Next Bits: [0x0000023ac4e10000, 0x0000023ac6d48000)

Polling page: 0x0000023aada40000

Metaspace:

Usage:
  Non-class:      5.83 MB used.
      Class:    549.03 KB used.
       Both:      6.37 MB used.

Virtual space:
  Non-class space:       64.00 MB reserved,       5.94 MB (  9%) committed,  1 nodes.
      Class space:        1.00 GB reserved,     576.00 KB ( <1%) committed,  1 nodes.
             Both:        1.06 GB reserved,       6.50 MB ( <1%) committed. 

Chunk freelists:
   Non-Class:  10.12 MB
       Class:  15.25 MB
        Both:  25.37 MB

MaxMetaspaceSize: unlimited
CompressedClassSpaceSize: 1.00 GB
Initial GC threshold: 21.00 MB
Current GC threshold: 21.00 MB
CDS: off
MetaspaceReclaimPolicy: balanced
 - commit_granule_bytes: 65536.
 - commit_granule_words: 8192.
 - virtual_space_node_default_size: 8388608.
 - enlarge_chunks_in_place: 1.
 - new_chunks_are_fully_committed: 0.
 - uncommit_free_chunks: 1.
 - use_allocation_guard: 0.
 - handle_deallocations: 1.


Internal statistics:

num_allocs_failed_limit: 0.
num_arena_births: 4.
num_arena_deaths: 0.
num_vsnodes_births: 2.
num_vsnodes_deaths: 0.
num_space_committed: 104.
num_space_uncommitted: 0.
num_chunks_returned_to_freelist: 0.
num_chunks_taken_from_freelist: 17.
num_chunk_merges: 0.
num_chunk_splits: 5.
num_chunks_enlarged: 1.
num_inconsistent_stats: 0.

CodeHeap 'non-profiled nmethods': size=120000Kb used=108Kb max_used=108Kb free=119891Kb
 bounds [0x0000023abaaa0000, 0x0000023abad10000, 0x0000023ac1fd0000]
CodeHeap 'profiled nmethods': size=120000Kb used=509Kb max_used=509Kb free=119490Kb
 bounds [0x0000023ab2fd0000, 0x0000023ab3240000, 0x0000023aba500000]
CodeHeap 'non-nmethods': size=5760Kb used=1105Kb max_used=1121Kb free=4654Kb
 bounds [0x0000023aba500000, 0x0000023aba770000, 0x0000023abaaa0000]
 total_blobs=709 nmethods=341 adapters=281
 compilation: enabled
              stopped_count=0, restarted_count=0
 full_count=0

Compilation events (20 events):
Event: 0.901 Thread 0x0000023ac998afa0  296       3       java.util.ImmutableCollections$List12::get (35 bytes)
Event: 0.901 Thread 0x0000023ac998afa0 nmethod 296 0x0000023ab3037410 code [0x0000023ab30375c0, 0x0000023ab3037868]
Event: 0.901 Thread 0x0000023ac998afa0  298       3       java.lang.ref.Reference::refersTo (6 bytes)
Event: 0.902 Thread 0x0000023ac998afa0 nmethod 298 0x0000023ab3037910 code [0x0000023ab3037ac0, 0x0000023ab3037c88]
Event: 0.902 Thread 0x0000023ac998afa0  299       3       java.lang.ref.Reference::refersToImpl (6 bytes)
Event: 0.902 Thread 0x0000023ac998afa0 nmethod 299 0x0000023ab3037d10 code [0x0000023ab3037ea0, 0x0000023ab3037fe8]
Event: 0.902 Thread 0x0000023ac998afa0  301       3       java.io.WinNTFileSystem::normalize (224 bytes)
Event: 0.903 Thread 0x0000023ac998afa0 nmethod 301 0x0000023ab3038090 code [0x0000023ab3038480, 0x0000023ab3039ff8]
Event: 0.904 Thread 0x0000023ac998afa0  304       3       java.lang.String::equalsIgnoreCase (45 bytes)
Event: 0.905 Thread 0x0000023ac998afa0 nmethod 304 0x0000023ab303aa10 code [0x0000023ab303ac00, 0x0000023ab303b168]
Event: 0.908 Thread 0x0000023ac998afa0  305   !   3       java.util.zip.ZipFile$Source::readFullyAt (74 bytes)
Event: 0.908 Thread 0x0000023ac998afa0 nmethod 305 0x0000023ab303b390 code [0x0000023ab303b580, 0x0000023ab303bae8]
Event: 0.910 Thread 0x0000023ac998afa0  306       3       java.lang.String::toCharArray (25 bytes)
Event: 0.910 Thread 0x0000023ac998afa0 nmethod 306 0x0000023ab303be90 code [0x0000023ab303c060, 0x0000023ab303c2f8]
Event: 0.911 Thread 0x0000023ac998afa0  308       3       java.net.URL::isBuiltinStreamHandler (32 bytes)
Event: 0.912 Thread 0x0000023ac998afa0 nmethod 308 0x0000023ab303c410 code [0x0000023ab303c700, 0x0000023ab303d818]
Event: 0.912 Thread 0x0000023ac998afa0  309       3       java.net.URL::isBuiltinStreamHandler (8 bytes)
Event: 0.912 Thread 0x0000023ac998afa0 nmethod 309 0x0000023ab303dd90 code [0x0000023ab303df40, 0x0000023ab303e108]
Event: 0.913 Thread 0x0000023ac998afa0  312 %     3       java.util.Arrays::fill @ 5 (21 bytes)
Event: 0.914 Thread 0x0000023ac998afa0 nmethod 312% 0x0000023ab303e210 code [0x0000023ab303e3c0, 0x0000023ab303e5f8]

GC Heap History (0 events):
No events

Dll operation events (2 events):
Event: 0.164 Loaded shared library C:\Program Files\Android\Android Studio\jbr\bin\java.dll
Event: 0.512 Loaded shared library C:\Program Files\Android\Android Studio\jbr\bin\zip.dll

Deoptimization events (20 events):
Event: 0.593 Thread 0x0000023aafb3b020 Uncommon trap: trap_request=0xffffff45 fr.pc=0x0000023abaaaa9b0 relative=0x00000000000001b0
Event: 0.593 Thread 0x0000023aafb3b020 Uncommon trap: reason=unstable_if action=reinterpret pc=0x0000023abaaaa9b0 method=java.lang.String.isLatin1()Z @ 10 c2
Event: 0.593 Thread 0x0000023aafb3b020 DEOPT PACKING pc=0x0000023abaaaa9b0 sp=0x0000008ff29fdaa0
Event: 0.593 Thread 0x0000023aafb3b020 DEOPT UNPACKING pc=0x0000023aba55a1a3 sp=0x0000008ff29fd9d8 mode 2
Event: 0.593 Thread 0x0000023aafb3b020 Uncommon trap: trap_request=0xffffff45 fr.pc=0x0000023abaaa15f4 relative=0x0000000000000074
Event: 0.593 Thread 0x0000023aafb3b020 Uncommon trap: reason=unstable_if action=reinterpret pc=0x0000023abaaa15f4 method=java.lang.String.isLatin1()Z @ 10 c2
Event: 0.593 Thread 0x0000023aafb3b020 DEOPT PACKING pc=0x0000023abaaa15f4 sp=0x0000008ff29fda90
Event: 0.593 Thread 0x0000023aafb3b020 DEOPT UNPACKING pc=0x0000023aba55a1a3 sp=0x0000008ff29fd9d0 mode 2
Event: 0.624 Thread 0x0000023aafb3b020 Uncommon trap: trap_request=0xffffff45 fr.pc=0x0000023abaaaf93c relative=0x00000000000005dc
Event: 0.624 Thread 0x0000023aafb3b020 Uncommon trap: reason=unstable_if action=reinterpret pc=0x0000023abaaaf93c method=java.util.zip.ZipFile$Source.checkAndAddEntry(II)I @ 50 c2
Event: 0.624 Thread 0x0000023aafb3b020 DEOPT PACKING pc=0x0000023abaaaf93c sp=0x0000008ff29fdc80
Event: 0.624 Thread 0x0000023aafb3b020 DEOPT UNPACKING pc=0x0000023aba55a1a3 sp=0x0000008ff29fdbf0 mode 2
Event: 0.756 Thread 0x0000023aafb3b020 Uncommon trap: trap_request=0xffffff45 fr.pc=0x0000023abaab2db4 relative=0x0000000000000654
Event: 0.756 Thread 0x0000023aafb3b020 Uncommon trap: reason=unstable_if action=reinterpret pc=0x0000023abaab2db4 method=java.util.zip.ZipFile$Source.checkAndAddEntry(II)I @ 128 c2
Event: 0.756 Thread 0x0000023aafb3b020 DEOPT PACKING pc=0x0000023abaab2db4 sp=0x0000008ff29fdbc0
Event: 0.756 Thread 0x0000023aafb3b020 DEOPT UNPACKING pc=0x0000023aba55a1a3 sp=0x0000008ff29fdb18 mode 2
Event: 0.764 Thread 0x0000023aafb3b020 Uncommon trap: trap_request=0xffffff45 fr.pc=0x0000023abaaac8a8 relative=0x0000000000000848
Event: 0.764 Thread 0x0000023aafb3b020 Uncommon trap: reason=unstable_if action=reinterpret pc=0x0000023abaaac8a8 method=java.util.HashMap.putVal(ILjava/lang/Object;Ljava/lang/Object;ZZ)Ljava/lang/Object; @ 181 c2
Event: 0.764 Thread 0x0000023aafb3b020 DEOPT PACKING pc=0x0000023abaaac8a8 sp=0x0000008ff29fe540
Event: 0.764 Thread 0x0000023aafb3b020 DEOPT UNPACKING pc=0x0000023aba55a1a3 sp=0x0000008ff29fe4e0 mode 2

Classes unloaded (0 events):
No events

Classes redefined (0 events):
No events

Internal exceptions (0 events):
No events

VM Operations (2 events):
Event: 0.494 Executing VM operation: HandshakeAllThreads
Event: 0.494 Executing VM operation: HandshakeAllThreads done

Events (20 events):
Event: 0.647 loading class java/util/TreeMap$KeyIterator
Event: 0.647 loading class java/util/TreeMap$PrivateEntryIterator
Event: 0.647 loading class java/util/TreeMap$PrivateEntryIterator done
Event: 0.647 loading class java/util/TreeMap$KeyIterator done
Event: 0.726 loading class java/io/BufferedReader
Event: 0.726 loading class java/io/Reader
Event: 0.726 loading class java/io/Reader done
Event: 0.726 loading class java/io/BufferedReader done
Event: 0.726 loading class java/io/InputStreamReader
Event: 0.726 loading class java/io/InputStreamReader done
Event: 0.726 loading class sun/nio/cs/StreamDecoder
Event: 0.726 loading class sun/nio/cs/StreamDecoder done
Event: 0.726 loading class java/util/Vector
Event: 0.726 loading class java/util/Vector done
Event: 0.733 loading class java/util/LinkedList
Event: 0.733 loading class java/util/AbstractSequentialList
Event: 0.733 loading class java/util/AbstractSequentialList done
Event: 0.733 loading class java/util/LinkedList done
Event: 0.733 loading class java/util/LinkedList$Node
Event: 0.733 loading class java/util/LinkedList$Node done


Dynamic libraries:
0x00007ff636f80000 - 0x00007ff636f8a000 	C:\Program Files\Android\Android Studio\jbr\bin\java.exe
0x00007ffbc0130000 - 0x00007ffbc0347000 	C:\WINDOWS\SYSTEM32\ntdll.dll
0x00007ffbbf410000 - 0x00007ffbbf4d4000 	C:\WINDOWS\System32\KERNEL32.DLL
0x00007ffbbd860000 - 0x00007ffbbdc0c000 	C:\WINDOWS\System32\KERNELBASE.dll
0x00007ffbb8130000 - 0x00007ffbb81c7000 	C:\WINDOWS\SYSTEM32\apphelp.dll
0x00007ffbbdc10000 - 0x00007ffbbdd21000 	C:\WINDOWS\System32\ucrtbase.dll
0x00007ffb9e970000 - 0x00007ffb9e987000 	C:\Program Files\Android\Android Studio\jbr\bin\jli.dll
0x00007ffb91530000 - 0x00007ffb9154b000 	C:\Program Files\Android\Android Studio\jbr\bin\VCRUNTIME140.dll
0x00007ffbbdf20000 - 0x00007ffbbe0ce000 	C:\WINDOWS\System32\USER32.dll
0x00007ffbbd7c0000 - 0x00007ffbbd7e6000 	C:\WINDOWS\System32\win32u.dll
0x00007ffbbf830000 - 0x00007ffbbf859000 	C:\WINDOWS\System32\GDI32.dll
0x00007ffbbd6a0000 - 0x00007ffbbd7b9000 	C:\WINDOWS\System32\gdi32full.dll
0x00007ffbbd600000 - 0x00007ffbbd69a000 	C:\WINDOWS\System32\msvcp_win.dll
0x00007ffbbc6c0000 - 0x00007ffbbc953000 	C:\WINDOWS\WinSxS\amd64_microsoft.windows.common-controls_6595b64144ccf1df_6.0.22621.3672_none_2713b9d173822955\COMCTL32.dll
0x00007ffbbde70000 - 0x00007ffbbdf17000 	C:\WINDOWS\System32\msvcrt.dll
0x00007ffbbe6f0000 - 0x00007ffbbe721000 	C:\WINDOWS\System32\IMM32.DLL
0x00007ffba2440000 - 0x00007ffba244c000 	C:\Program Files\Android\Android Studio\jbr\bin\vcruntime140_1.dll
0x00007ffb3bf20000 - 0x00007ffb3bfad000 	C:\Program Files\Android\Android Studio\jbr\bin\msvcp140.dll
0x00007ffb16160000 - 0x00007ffb16de3000 	C:\Program Files\Android\Android Studio\jbr\bin\server\jvm.dll
0x00007ffbbf640000 - 0x00007ffbbf6f2000 	C:\WINDOWS\System32\ADVAPI32.dll
0x00007ffbbf590000 - 0x00007ffbbf63a000 	C:\WINDOWS\System32\sechost.dll
0x00007ffbbd5d0000 - 0x00007ffbbd5f8000 	C:\WINDOWS\System32\bcrypt.dll
0x00007ffbbf710000 - 0x00007ffbbf825000 	C:\WINDOWS\System32\RPCRT4.dll
0x00007ffbb4d40000 - 0x00007ffbb4d49000 	C:\WINDOWS\SYSTEM32\WSOCK32.dll
0x00007ffbbcd60000 - 0x00007ffbbcdad000 	C:\WINDOWS\SYSTEM32\POWRPROF.dll
0x00007ffbbf4f0000 - 0x00007ffbbf561000 	C:\WINDOWS\System32\WS2_32.dll
0x00007ffbb6de0000 - 0x00007ffbb6e14000 	C:\WINDOWS\SYSTEM32\WINMM.dll
0x00007ffbb89b0000 - 0x00007ffbb89ba000 	C:\WINDOWS\SYSTEM32\VERSION.dll
0x00007ffbbca50000 - 0x00007ffbbca63000 	C:\WINDOWS\SYSTEM32\UMPDC.dll
0x00007ffbbbc40000 - 0x00007ffbbbc58000 	C:\WINDOWS\SYSTEM32\kernel.appcore.dll
0x00007ffba7f60000 - 0x00007ffba7f6a000 	C:\Program Files\Android\Android Studio\jbr\bin\jimage.dll
0x00007ffbbceb0000 - 0x00007ffbbd0e2000 	C:\WINDOWS\SYSTEM32\DBGHELP.DLL
0x00007ffbbe130000 - 0x00007ffbbe4b8000 	C:\WINDOWS\System32\combase.dll
0x00007ffbc0000000 - 0x00007ffbc00d7000 	C:\WINDOWS\System32\OLEAUT32.dll
0x00007ffbbcc50000 - 0x00007ffbbcc82000 	C:\WINDOWS\SYSTEM32\dbgcore.DLL
0x00007ffbbddf0000 - 0x00007ffbbde6b000 	C:\WINDOWS\System32\bcryptPrimitives.dll
0x00007ffba3050000 - 0x00007ffba305e000 	C:\Program Files\Android\Android Studio\jbr\bin\instrument.dll
0x00007ffb8bbc0000 - 0x00007ffb8bbe5000 	C:\Program Files\Android\Android Studio\jbr\bin\java.dll
0x00007ffba73f0000 - 0x00007ffba7408000 	C:\Program Files\Android\Android Studio\jbr\bin\zip.dll
0x00007ffbbe910000 - 0x00007ffbbf16c000 	C:\WINDOWS\System32\SHELL32.dll
0x00007ffbbab30000 - 0x00007ffbbb427000 	C:\WINDOWS\SYSTEM32\windows.storage.dll
0x00007ffbba9f0000 - 0x00007ffbbab2f000 	C:\WINDOWS\SYSTEM32\wintypes.dll
0x00007ffbbe540000 - 0x00007ffbbe634000 	C:\WINDOWS\System32\SHCORE.dll
0x00007ffbbe0d0000 - 0x00007ffbbe12e000 	C:\WINDOWS\System32\shlwapi.dll
0x00007ffbbd390000 - 0x00007ffbbd3b1000 	C:\WINDOWS\SYSTEM32\profapi.dll
0x00007ffba2b30000 - 0x00007ffba2b49000 	C:\Program Files\Android\Android Studio\jbr\bin\net.dll
0x00007ffbb8f60000 - 0x00007ffbb9096000 	C:\WINDOWS\SYSTEM32\WINHTTP.dll
0x00007ffbbc070000 - 0x00007ffbbc0d9000 	C:\WINDOWS\system32\mswsock.dll
0x00007ffba2ac0000 - 0x00007ffba2ad6000 	C:\Program Files\Android\Android Studio\jbr\bin\nio.dll

dbghelp: loaded successfully - version: 4.0.5 - missing functions: none
symbol engine: initialized successfully - sym options: 0x614 - pdb path: .;C:\Program Files\Android\Android Studio\jbr\bin;C:\WINDOWS\SYSTEM32;C:\WINDOWS\WinSxS\amd64_microsoft.windows.common-controls_6595b64144ccf1df_6.0.22621.3672_none_2713b9d173822955;C:\Program Files\Android\Android Studio\jbr\bin\server

VM Arguments:
jvm_args: -javaagent:C:\Program Files\Android\Android Studio\lib\idea_rt.jar=52742:C:\Program Files\Android\Android Studio\bin -Dfile.encoding=windows-1252 
java_command: org.jetbrains.kotlin.cli.jvm.K2JVMCompiler -kotlin-home C:\Program Files\Android\Android Studio\plugins\Kotlin\kotlinc -script C:\Users\User\AndroidStudioProjects\WCAPP\build.gradle.kts
java_class_path (initial): C:\Program Files\Android\Android Studio\plugins\Kotlin\kotlinc\lib\kotlin-compiler.jar;C:\Users\User\.gradle\caches\8.6\generated-gradle-jars\gradle-api-8.6.jar;C:\Users\User\.gradle\wrapper\dists\gradle-8.6-bin\afr5mpiioh2wthjmwnkmdsd5w\gradle-8.6\lib\groovy-3.0.17.jar;C:\Users\User\.gradle\wrapper\dists\gradle-8.6-bin\afr5mpiioh2wthjmwnkmdsd5w\gradle-8.6\lib\groovy-ant-3.0.17.jar;C:\Users\User\.gradle\wrapper\dists\gradle-8.6-bin\afr5mpiioh2wthjmwnkmdsd5w\gradle-8.6\lib\groovy-astbuilder-3.0.17.jar;C:\Users\User\.gradle\wrapper\dists\gradle-8.6-bin\afr5mpiioh2wthjmwnkmdsd5w\gradle-8.6\lib\groovy-console-3.0.17.jar;C:\Users\User\.gradle\wrapper\dists\gradle-8.6-bin\afr5mpiioh2wthjmwnkmdsd5w\gradle-8.6\lib\groovy-datetime-3.0.17.jar;C:\Users\User\.gradle\wrapper\dists\gradle-8.6-bin\afr5mpiioh2wthjmwnkmdsd5w\gradle-8.6\lib\groovy-dateutil-3.0.17.jar;C:\Users\User\.gradle\wrapper\dists\gradle-8.6-bin\afr5mpiioh2wthjmwnkmdsd5w\gradle-8.6\lib\groovy-groovydoc-3.0.17.jar;C:\Users\User\.gradle\wrapper\dists\gradle-8.6-bin\afr5mpiioh2wthjmwnkmdsd5w\gradle-8.6\lib\groovy-json-3.0.17.jar;C:\Users\User\.gradle\wrapper\dists\gradle-8.6-bin\afr5mpiioh2wthjmwnkmdsd5w\gradle-8.6\lib\groovy-nio-3.0.17.jar;C:\Users\User\.gradle\wrapper\dists\gradle-8.6-bin\afr5mpiioh2wthjmwnkmdsd5w\gradle-8.6\lib\groovy-sql-3.0.17.jar;C:\Users\User\.gradle\wrapper\dists\gradle-8.6-bin\afr5mpiioh2wthjmwnkmdsd5w\gradle-8.6\lib\groovy-templates-3.0.17.jar;C:\Users\User\.gradle\wrapper\dists\gradle-8.6-bin\afr5mpiioh2wthjmwnkmdsd5w\gradle-8.6\lib\groovy-test-3.0.17.jar;C:\Users\User\.gradle\wrapper\dists\gradle-8.6-bin\afr5mpiioh2wthjmwnkmdsd5w\gradle-8.6\lib\groovy-xml-3.0.17.jar;C:\Users\User\.gradle\wrapper\dists\gradle-8.6-bin\afr5mpiioh2wthjmwnkmdsd5w\gradle-8.6\lib\javaparser-core-3.17.0.jar;C:\Users\User\.gradle\wrapper\dists\gradle-8.6-bin\afr5mpiioh2wthjmwnkmdsd5w\gradle-8.6\lib\kotlin-stdlib-1.9.20.jar;C:\Users\User\.gradle\wrapper\dists\gradle-8.6-bin\afr5mpiioh
Launcher Type: SUN_STANDARD

[Global flags]
     intx CICompilerCount                          = 4                                         {product} {ergonomic}
     uint ConcGCThreads                            = 2                                         {product} {ergonomic}
     uint G1ConcRefinementThreads                  = 8                                         {product} {ergonomic}
   size_t G1HeapRegionSize                         = 1048576                                   {product} {ergonomic}
    uintx GCDrainStackTargetSize                   = 64                                        {product} {ergonomic}
   size_t InitialHeapSize                          = 132120576                                 {product} {ergonomic}
   size_t MarkStackSize                            = 4194304                                   {product} {ergonomic}
   size_t MaxHeapSize                              = 2095054848                                {product} {ergonomic}
   size_t MaxNewSize                               = 1256194048                                {product} {ergonomic}
   size_t MinHeapDeltaBytes                        = 1048576                                   {product} {ergonomic}
   size_t MinHeapSize                              = 8388608                                   {product} {ergonomic}
    uintx NonNMethodCodeHeapSize                   = 5839372                                {pd product} {ergonomic}
    uintx NonProfiledCodeHeapSize                  = 122909434                              {pd product} {ergonomic}
    uintx ProfiledCodeHeapSize                     = 122909434                              {pd product} {ergonomic}
    uintx ReservedCodeCacheSize                    = 251658240                              {pd product} {ergonomic}
     bool SegmentedCodeCache                       = true                                      {product} {ergonomic}
   size_t SoftMaxHeapSize                          = 2095054848                             {manageable} {ergonomic}
     bool UseCompressedClassPointers               = true                           {product lp64_product} {ergonomic}
     bool UseCompressedOops                        = true                           {product lp64_product} {ergonomic}
     bool UseG1GC                                  = true                                      {product} {ergonomic}
     bool UseLargePagesIndividualAllocation        = false                                  {pd product} {ergonomic}

Logging:
Log output configuration:
 #0: stdout all=warning uptime,level,tags
 #1: stderr all=off uptime,level,tags

Environment Variables:
PATH=C:\Program Files (x86)\Microsoft\Edge\Application;C:\Python312\Scripts\;C:\Python312\;C:\Program Files\Common Files\Oracle\Java\javapath;C:\WINDOWS\system32;C:\WINDOWS;C:\WINDOWS\System32\Wbem;C:\WINDOWS\System32\WindowsPowerShell\v1.0\;C:\WINDOWS\System32\OpenSSH\;C:\Program Files\Git\cmd;C:\xampp22\php;C:\ProgramData\ComposerSetup\bin;C:\ProgramData\chocolatey\bin;C:\Users\User\AppData\Local\Microsoft\WindowsApps;C:\Users\User\AppData\Local\GitHubDesktop\bin;C:\Users\User\AppData\Roaming\Composer\vendor\bin
USERNAME=User
OS=Windows_NT
PROCESSOR_IDENTIFIER=Intel64 Family 6 Model 140 Stepping 1, GenuineIntel
TMP=C:\Users\User\AppData\Local\Temp
TEMP=C:\Users\User\AppData\Local\Temp



Periodic native trim disabled

JNI global refs:
JNI global refs: 9, weak refs: 0

JNI global refs memory usage: 843, weak refs: 209

OOME stack traces (most recent first):
Classloader memory used:
Loader bootstrap                                                                       : 815K


---------------  S Y S T E M  ---------------

OS:
 Windows 11 , 64 bit Build 22621 (10.0.22621.3672)
OS uptime: 1 days 21:12 hours

CPU: total 8 (initial active 8) (4 cores per cpu, 2 threads per core) family 6 model 140 stepping 1 microcode 0x9a, cx8, cmov, fxsr, ht, mmx, 3dnowpref, sse, sse2, sse3, ssse3, sse4.1, sse4.2, popcnt, lzcnt, tsc, tscinvbit, avx, avx2, aes, erms, clmul, bmi1, bmi2, adx, avx512f, avx512dq, avx512cd, avx512bw, avx512vl, sha, fma, vzeroupper, avx512_vpopcntdq, avx512_vpclmulqdq, avx512_vaes, avx512_vnni, clflush, clflushopt, clwb, avx512_vbmi2, avx512_vbmi
Processor Information for all 8 processors :
  Max Mhz: 2419, Current Mhz: 2419, Mhz Limit: 2419

Memory: 4k page, system-wide physical 7991M (243M free)
TotalPageFile size 23122M (AvailPageFile size 4M)
current process WorkingSet (physical memory assigned to process): 63M, peak: 63M
current process commit charge ("private bytes"): 212M, peak: 213M

vm_info: OpenJDK 64-Bit Server VM (17.0.10+0--11609105) for windows-amd64 JRE (17.0.10+0--11609105), built on Mar 21 2024 19:10:56 by "androidbuild" with MS VC++ 16.10 / 16.11 (VS2019)

END.
